D:\UNIVERSITET\SDP\BANKQUEUE-PROJECT\BANKQUEUE-PROJECT\DEBUG\BANK.OBJ
D:\UNIVERSITET\SDP\BANKQUEUE-PROJECT\BANKQUEUE-PROJECT\DEBUG\CASHIER.OBJ
D:\UNIVERSITET\SDP\BANKQUEUE-PROJECT\BANKQUEUE-PROJECT\DEBUG\CLIENT.OBJ
D:\UNIVERSITET\SDP\BANKQUEUE-PROJECT\BANKQUEUE-PROJECT\DEBUG\MAINFUNC.OBJ
D:\UNIVERSITET\SDP\BANKQUEUE-PROJECT\BANKQUEUE-PROJECT\DEBUG\QUEUEGENERATOR.OBJ
D:\UNIVERSITET\SDP\BANKQUEUE-PROJECT\BANKQUEUE-PROJECT\DEBUG\VC110.PDB
D:\UNIVERSITET\SDP\BANKQUEUE-PROJECT\DEBUG\BANKQUEUE-PROJECT.ILK
D:\UNIVERSITET\SDP\BANKQUEUE-PROJECT\DEBUG\BANKQUEUE-PROJECT.EXE
D:\UNIVERSITET\SDP\BANKQUEUE-PROJECT\DEBUG\BANKQUEUE-PROJECT.PDB
D:\UNIVERSITET\SDP\BANKQUEUE-PROJECT\BANKQUEUE-PROJECT\DEBUG\BANKQUEUE-PROJECT.RES
D:\Universitet\SDP\BankQueue-Project\BankQueue-Project\Debug\Bank.obj
D:\Universitet\SDP\BankQueue-Project\BankQueue-Project\Debug\Cashier.obj
D:\Universitet\SDP\BankQueue-Project\BankQueue-Project\Debug\Client.obj
D:\Universitet\SDP\BankQueue-Project\BankQueue-Project\Debug\MainFunc.obj
D:\Universitet\SDP\BankQueue-Project\BankQueue-Project\Debug\QueueGenerator.obj
D:\Universitet\SDP\BankQueue-Project\BankQueue-Project\Debug\cl.command.1.tlog
D:\Universitet\SDP\BankQueue-Project\BankQueue-Project\Debug\CL.read.1.tlog
D:\Universitet\SDP\BankQueue-Project\BankQueue-Project\Debug\CL.write.1.tlog
D:\Universitet\SDP\BankQueue-Project\BankQueue-Project\Debug\link-cvtres.read.1.tlog
D:\Universitet\SDP\BankQueue-Project\BankQueue-Project\Debug\link-cvtres.write.1.tlog
D:\Universitet\SDP\BankQueue-Project\BankQueue-Project\Debug\link-rc.read.1.tlog
D:\Universitet\SDP\BankQueue-Project\BankQueue-Project\Debug\link-rc.write.1.tlog
D:\Universitet\SDP\BankQueue-Project\BankQueue-Project\Debug\link.2260-cvtres.read.1.tlog
D:\Universitet\SDP\BankQueue-Project\BankQueue-Project\Debug\link.2260-cvtres.write.1.tlog
D:\Universitet\SDP\BankQueue-Project\BankQueue-Project\Debug\link.2260-rc.read.1.tlog
D:\Universitet\SDP\BankQueue-Project\BankQueue-Project\Debug\link.2260-rc.write.1.tlog
D:\Universitet\SDP\BankQueue-Project\BankQueue-Project\Debug\link.2260.read.1.tlog
D:\Universitet\SDP\BankQueue-Project\BankQueue-Project\Debug\link.2260.write.1.tlog
D:\Universitet\SDP\BankQueue-Project\BankQueue-Project\Debug\link.4556-cvtres.read.1.tlog
D:\Universitet\SDP\BankQueue-Project\BankQueue-Project\Debug\link.4556-cvtres.write.1.tlog
D:\Universitet\SDP\BankQueue-Project\BankQueue-Project\Debug\link.4556-rc.read.1.tlog
D:\Universitet\SDP\BankQueue-Project\BankQueue-Project\Debug\link.4556-rc.write.1.tlog
D:\Universitet\SDP\BankQueue-Project\BankQueue-Project\Debug\link.4556.read.1.tlog
D:\Universitet\SDP\BankQueue-Project\BankQueue-Project\Debug\link.4556.write.1.tlog
D:\Universitet\SDP\BankQueue-Project\BankQueue-Project\Debug\link.4764-cvtres.read.1.tlog
D:\Universitet\SDP\BankQueue-Project\BankQueue-Project\Debug\link.4764-cvtres.write.1.tlog
D:\Universitet\SDP\BankQueue-Project\BankQueue-Project\Debug\link.4764-rc.read.1.tlog
D:\Universitet\SDP\BankQueue-Project\BankQueue-Project\Debug\link.4764-rc.write.1.tlog
D:\Universitet\SDP\BankQueue-Project\BankQueue-Project\Debug\link.4764.read.1.tlog
D:\Universitet\SDP\BankQueue-Project\BankQueue-Project\Debug\link.4764.write.1.tlog
D:\Universitet\SDP\BankQueue-Project\BankQueue-Project\Debug\link.4848-cvtres.read.1.tlog
D:\Universitet\SDP\BankQueue-Project\BankQueue-Project\Debug\link.4848-cvtres.write.1.tlog
D:\Universitet\SDP\BankQueue-Project\BankQueue-Project\Debug\link.4848-rc.read.1.tlog
D:\Universitet\SDP\BankQueue-Project\BankQueue-Project\Debug\link.4848-rc.write.1.tlog
D:\Universitet\SDP\BankQueue-Project\BankQueue-Project\Debug\link.4848.read.1.tlog
D:\Universitet\SDP\BankQueue-Project\BankQueue-Project\Debug\link.4848.write.1.tlog
D:\Universitet\SDP\BankQueue-Project\BankQueue-Project\Debug\link.4892-cvtres.read.1.tlog
D:\Universitet\SDP\BankQueue-Project\BankQueue-Project\Debug\link.4892-cvtres.write.1.tlog
D:\Universitet\SDP\BankQueue-Project\BankQueue-Project\Debug\link.4892-rc.read.1.tlog
D:\Universitet\SDP\BankQueue-Project\BankQueue-Project\Debug\link.4892-rc.write.1.tlog
D:\Universitet\SDP\BankQueue-Project\BankQueue-Project\Debug\link.4892.read.1.tlog
D:\Universitet\SDP\BankQueue-Project\BankQueue-Project\Debug\link.4892.write.1.tlog
D:\Universitet\SDP\BankQueue-Project\BankQueue-Project\Debug\link.5468-cvtres.read.1.tlog
D:\Universitet\SDP\BankQueue-Project\BankQueue-Project\Debug\link.5468-cvtres.write.1.tlog
D:\Universitet\SDP\BankQueue-Project\BankQueue-Project\Debug\link.5468-rc.read.1.tlog
D:\Universitet\SDP\BankQueue-Project\BankQueue-Project\Debug\link.5468-rc.write.1.tlog
D:\Universitet\SDP\BankQueue-Project\BankQueue-Project\Debug\link.5468.read.1.tlog
D:\Universitet\SDP\BankQueue-Project\BankQueue-Project\Debug\link.5468.write.1.tlog
D:\Universitet\SDP\BankQueue-Project\BankQueue-Project\Debug\link.8312-cvtres.read.1.tlog
D:\Universitet\SDP\BankQueue-Project\BankQueue-Project\Debug\link.8312-cvtres.write.1.tlog
D:\Universitet\SDP\BankQueue-Project\BankQueue-Project\Debug\link.8312-rc.read.1.tlog
D:\Universitet\SDP\BankQueue-Project\BankQueue-Project\Debug\link.8312-rc.write.1.tlog
D:\Universitet\SDP\BankQueue-Project\BankQueue-Project\Debug\link.8312.read.1.tlog
D:\Universitet\SDP\BankQueue-Project\BankQueue-Project\Debug\link.8312.write.1.tlog
D:\Universitet\SDP\BankQueue-Project\BankQueue-Project\Debug\link.8860-cvtres.read.1.tlog
D:\Universitet\SDP\BankQueue-Project\BankQueue-Project\Debug\link.8860-cvtres.write.1.tlog
D:\Universitet\SDP\BankQueue-Project\BankQueue-Project\Debug\link.8860-rc.read.1.tlog
D:\Universitet\SDP\BankQueue-Project\BankQueue-Project\Debug\link.8860-rc.write.1.tlog
D:\Universitet\SDP\BankQueue-Project\BankQueue-Project\Debug\link.8860.read.1.tlog
D:\Universitet\SDP\BankQueue-Project\BankQueue-Project\Debug\link.8860.write.1.tlog
D:\Universitet\SDP\BankQueue-Project\BankQueue-Project\Debug\link.command.1.tlog
D:\Universitet\SDP\BankQueue-Project\BankQueue-Project\Debug\link.read.1.tlog
D:\Universitet\SDP\BankQueue-Project\BankQueue-Project\Debug\link.write.1.tlog
D:\Universitet\SDP\BankQueue-Project\BankQueue-Project\Debug\rc.command.1.tlog
D:\Universitet\SDP\BankQueue-Project\BankQueue-Project\Debug\rc.read.1.tlog
D:\Universitet\SDP\BankQueue-Project\BankQueue-Project\Debug\rc.write.1.tlog
D:\Universitet\SDP\BankQueue-Project\BankQueue-Project\Debug\BankQueue-Project.res
D:\Universitet\SDP\BankQueue-Project\BankQueue-Project\Debug\vc110.idb
D:\Universitet\SDP\BankQueue-Project\BankQueue-Project\Debug\vc110.pdb
D:\Universitet\SDP\BankQueue-Project\Debug\BankQueue-Project.pdb
D:\Universitet\SDP\BankQueue-Project\Debug\BankQueue-Project.exe
D:\Universitet\SDP\BankQueue-Project\Debug\BankQueue-Project.ilk
